<?xml version="1.0" encoding="UTF-8"?>
<!-- Generated by org.testng.reporters.JUnitReportReporter -->
<testsuite hostname="DESKTOP-5FESB8K" failures="0" tests="1" name="test.TC_001SignUpTest" time="7.894" errors="0" timestamp="2025-06-10T08:18:38 IST" skipped="0">
  <testcase classname="test.TC_001SignUpTest" name="testSignUpButtonVisibility" time="7.894"/>
</testsuite> <!-- test.TC_001SignUpTest -->
