<?xml version="1.0" encoding="UTF-8"?>
<!-- Generated by org.testng.reporters.JUnitReportReporter -->
<testsuite hostname="DESKTOP-5FESB8K" failures="0" tests="1" name="test.TC_005CartPageTest" time="44.014" errors="0" timestamp="2025-06-10T11:05:24 IST" skipped="0">
  <testcase classname="test.TC_005CartPageTest" name="testCartFunctionality" time="44.014"/>
</testsuite> <!-- test.TC_005CartPageTest -->
