<?xml version="1.0" encoding="UTF-8"?>
<!-- Generated by org.testng.reporters.JUnitReportReporter -->
<testsuite hostname="DESKTOP-5FESB8K" failures="0" tests="1" name="test.TC_006PlaceorderTest" time="20.887" errors="0" timestamp="2025-06-10T11:05:24 IST" skipped="0">
  <testcase classname="test.TC_006PlaceorderTest" name="testPurchaseFunction" time="20.887"/>
</testsuite> <!-- test.TC_006PlaceorderTest -->
