<?xml version="1.0" encoding="UTF-8"?>
<!-- Generated by org.testng.reporters.JUnitReportReporter -->
<testsuite hostname="DESKTOP-5FESB8K" failures="0" tests="1" name="test.TC_003HomePageTest" time="4.190" errors="0" timestamp="2025-06-06T09:42:29 IST" skipped="0">
  <testcase classname="test.TC_003HomePageTest" name="testApplicationLogoVisibility" time="4.190"/>
</testsuite> <!-- test.TC_003HomePageTest -->
